Using pre-set license
Built from '2020.3/staging' branch; Version is '2020.3.5f1 (8095aa901b9b) revision 8426922'; Using compiler version '192528614'; Build Type 'Release'
OS: 'Windows 10 Pro; OS build 19042.1466; Version 2009; 64bit' Language: 'ko' Physical Memory: 16301 MB
BatchMode: 1, IsHumanControllingUs: 0, StartBugReporterOnCrash: 0, Is64bit: 1, IsPro: 0

 COMMAND LINE ARGUMENTS:
D:\2020.3.5f1\Editor\Unity.exe
-adb2
-batchMode
-noUpm
-name
AssetImportWorker0
-projectPath
D:/_Unity projects/Unity_Project_Jump/ClimbUp
-logFile
Logs/AssetImportWorker0.log
-srvPort
10823
Successfully changed project path to: D:/_Unity projects/Unity_Project_Jump/ClimbUp
D:/_Unity projects/Unity_Project_Jump/ClimbUp
Using Asset Import Pipeline V2.
Refreshing native plugins compatible for Editor in 52.64 ms, found 4 plugins.
Preloading 0 native plugins for Editor in 0.00 ms.
Initialize engine version: 2020.3.5f1 (8095aa901b9b)
[Subsystems] Discovering subsystems at path D:/2020.3.5f1/Editor/Data/Resources/UnitySubsystems
[Subsystems] Discovering subsystems at path D:/_Unity projects/Unity_Project_Jump/ClimbUp/Assets
GfxDevice: creating device client; threaded=0
Direct3D:
    Version:  Direct3D 11.0 [level 11.1]
    Renderer: NVIDIA GeForce GTX 1050 Ti (ID=0x1c8c)
    Vendor:   
    VRAM:     4021 MB
    Driver:   31.0.15.1659
Initialize mono
Mono path[0] = 'D:/2020.3.5f1/Editor/Data/Managed'
Mono path[1] = 'D:/2020.3.5f1/Editor/Data/MonoBleedingEdge/lib/mono/unityjit'
Mono config path = 'D:/2020.3.5f1/Editor/Data/MonoBleedingEdge/etc'
Using monoOptions --debugger-agent=transport=dt_socket,embedding=1,server=y,suspend=n,address=127.0.0.1:56868
Begin MonoManager ReloadAssembly
Registering precompiled unity dll's ...
Register platform support module: D:/2020.3.5f1/Editor/Data/PlaybackEngines/WebGLSupport/UnityEditor.WebGL.Extensions.dll
Register platform support module: D:/2020.3.5f1/Editor/Data/PlaybackEngines/WindowsStandaloneSupport/UnityEditor.WindowsStandalone.Extensions.dll
Registered in 0.002479 seconds.
Native extension for WindowsStandalone target not found
Native extension for WebGL target not found
Refreshing native plugins compatible for Editor in 44.87 ms, found 4 plugins.
Preloading 0 native plugins for Editor in 0.00 ms.
Mono: successfully reloaded assembly
- Completed reload, in  1.616 seconds
Platform modules already initialized, skipping
Registering precompiled user dll's ...
Registered in 0.002848 seconds.
Begin MonoManager ReloadAssembly
Native extension for WindowsStandalone target not found
Native extension for WebGL target not found
Refreshing native plugins compatible for Editor in 51.99 ms, found 4 plugins.
Preloading 0 native plugins for Editor in 0.00 ms.
Mono: successfully reloaded assembly
- Completed reload, in  1.158 seconds
Platform modules already initialized, skipping
========================================================================
Worker process is ready to serve import requests
Launched and connected shader compiler UnityShaderCompiler.exe after 0.10 seconds
Refreshing native plugins compatible for Editor in 0.41 ms, found 4 plugins.
Preloading 0 native plugins for Editor in 0.00 ms.
Unloading 1963 Unused Serialized files (Serialized files now loaded: 0)
System memory in use before: 90.0 MB.
System memory in use after: 89.9 MB.

Unloading 31 unused Assets to reduce memory usage. Loaded Objects now: 2399.
Total: 2.361500 ms (FindLiveObjects: 0.290500 ms CreateObjectMapping: 0.175200 ms MarkObjects: 1.760300 ms  DeleteObjects: 0.134200 ms)

========================================================================
Received Import Request.
  path: Assets/Script/Stage/playerControlDot.cs
  artifactKey: Guid(4ff90308d0e902c41894c6ba252d1135) Importer(815301076,1909f56bfc062723c751e8b465ee728b)
Start importing Assets/Script/Stage/playerControlDot.cs using Guid(4ff90308d0e902c41894c6ba252d1135) Importer(815301076,1909f56bfc062723c751e8b465ee728b)  -> (artifact id: '14bedaad0c0746e94e48e92d7c5d9381') in 0.063477 seconds
  Import took 0.066744 seconds .

========================================================================
Received Import Request.
  Time since last request: 60.947065 seconds.
  path: Assets/Scenes/MainScene.unity
  artifactKey: Guid(b49ee82f563e2204594a1a83b9cad74e) Importer(815301076,1909f56bfc062723c751e8b465ee728b)
Start importing Assets/Scenes/MainScene.unity using Guid(b49ee82f563e2204594a1a83b9cad74e) Importer(815301076,1909f56bfc062723c751e8b465ee728b)  -> (artifact id: 'db7072287529b5d92dff3b32e39bdb6f') in 0.018750 seconds
  Import took 0.023239 seconds .

========================================================================
Received Import Request.
  Time since last request: 4.786237 seconds.
  path: Assets/Scenes/StageScene_1.unity
  artifactKey: Guid(2cda990e2423bbf4892e6590ba056729) Importer(815301076,1909f56bfc062723c751e8b465ee728b)
Start importing Assets/Scenes/StageScene_1.unity using Guid(2cda990e2423bbf4892e6590ba056729) Importer(815301076,1909f56bfc062723c751e8b465ee728b)  -> (artifact id: '86ac9929b01df4a772a3b67c9604876b') in 0.007756 seconds
  Import took 0.014726 seconds .

========================================================================
Received Import Request.
  Time since last request: 0.839824 seconds.
  path: Assets/Scenes/StageScene_2.unity
  artifactKey: Guid(919b678b56267994cb4082e552b49762) Importer(815301076,1909f56bfc062723c751e8b465ee728b)
Start importing Assets/Scenes/StageScene_2.unity using Guid(919b678b56267994cb4082e552b49762) Importer(815301076,1909f56bfc062723c751e8b465ee728b)  -> (artifact id: '5b8abafcd0dcec2244d0e5dacbce8418') in 0.006473 seconds
  Import took 0.011301 seconds .

========================================================================
Received Import Request.
  Time since last request: 0.000733 seconds.
  path: Assets/Scenes/StageScene_2.unity
  artifactKey: Guid(919b678b56267994cb4082e552b49762) Importer(815301076,1909f56bfc062723c751e8b465ee728b)
Start importing Assets/Scenes/StageScene_2.unity using Guid(919b678b56267994cb4082e552b49762) Importer(815301076,1909f56bfc062723c751e8b465ee728b)  -> (artifact id: '5b8abafcd0dcec2244d0e5dacbce8418') in 0.005438 seconds
  Import took 0.009090 seconds .

========================================================================
Received Prepare
Refreshing native plugins compatible for Editor in 11.25 ms, found 4 plugins.
Preloading 0 native plugins for Editor in 0.00 ms.
Unloading 17 Unused Serialized files (Serialized files now loaded: 0)
System memory in use before: 50.9 MB.
System memory in use after: 50.9 MB.

Unloading 17 unused Assets to reduce memory usage. Loaded Objects now: 2399.
Total: 20.207100 ms (FindLiveObjects: 3.298500 ms CreateObjectMapping: 0.236100 ms MarkObjects: 16.472000 ms  DeleteObjects: 0.197900 ms)

========================================================================
Received Import Request.
  Time since last request: 87.846947 seconds.
  path: Assets/Script/playerControl_regacy.cs
  artifactKey: Guid(4281e5663aa7b4f43ae0163cbe05a753) Importer(815301076,1909f56bfc062723c751e8b465ee728b)
Start importing Assets/Script/playerControl_regacy.cs using Guid(4281e5663aa7b4f43ae0163cbe05a753) Importer(815301076,1909f56bfc062723c751e8b465ee728b)  -> (artifact id: '02372c045e44c4fa11fa7bcacccb24ac') in 0.013281 seconds
  Import took 0.026961 seconds .

========================================================================
Received Prepare
Registering precompiled user dll's ...
Registered in 0.003193 seconds.
Begin MonoManager ReloadAssembly
Native extension for WindowsStandalone target not found
Native extension for WebGL target not found
Refreshing native plugins compatible for Editor in 0.42 ms, found 4 plugins.
Preloading 0 native plugins for Editor in 0.00 ms.
Mono: successfully reloaded assembly
- Completed reload, in  1.484 seconds
Platform modules already initialized, skipping
Refreshing native plugins compatible for Editor in 0.86 ms, found 4 plugins.
Preloading 0 native plugins for Editor in 0.00 ms.
Unloading 1952 Unused Serialized files (Serialized files now loaded: 0)
System memory in use before: 89.4 MB.
System memory in use after: 89.4 MB.

Unloading 19 unused Assets to reduce memory usage. Loaded Objects now: 2403.
Total: 2.672600 ms (FindLiveObjects: 0.369500 ms CreateObjectMapping: 0.113200 ms MarkObjects: 2.058300 ms  DeleteObjects: 0.130200 ms)

========================================================================
Received Import Request.
  Time since last request: 21.316547 seconds.
  path: Assets/Script/Legacy_playerControl.cs
  artifactKey: Guid(4281e5663aa7b4f43ae0163cbe05a753) Importer(815301076,1909f56bfc062723c751e8b465ee728b)
Start importing Assets/Script/Legacy_playerControl.cs using Guid(4281e5663aa7b4f43ae0163cbe05a753) Importer(815301076,1909f56bfc062723c751e8b465ee728b)  -> (artifact id: '1a8eba169812fdaae86fe0515c119184') in 0.011833 seconds
  Import took 0.017682 seconds .

========================================================================
Received Prepare
Registering precompiled user dll's ...
Registered in 0.002767 seconds.
Begin MonoManager ReloadAssembly
Native extension for WindowsStandalone target not found
Native extension for WebGL target not found
Refreshing native plugins compatible for Editor in 0.47 ms, found 4 plugins.
Preloading 0 native plugins for Editor in 0.00 ms.
Mono: successfully reloaded assembly
- Completed reload, in  1.103 seconds
Platform modules already initialized, skipping
Refreshing native plugins compatible for Editor in 0.49 ms, found 4 plugins.
Preloading 0 native plugins for Editor in 0.00 ms.
Unloading 1952 Unused Serialized files (Serialized files now loaded: 0)
System memory in use before: 89.4 MB.
System memory in use after: 89.4 MB.

Unloading 19 unused Assets to reduce memory usage. Loaded Objects now: 2407.
Total: 2.335800 ms (FindLiveObjects: 0.210600 ms CreateObjectMapping: 0.088100 ms MarkObjects: 1.890300 ms  DeleteObjects: 0.145100 ms)

========================================================================
Received Import Request.
  Time since last request: 15.931936 seconds.
  path: Assets/Script/Stage/PlayerControl.cs
  artifactKey: Guid(4ff90308d0e902c41894c6ba252d1135) Importer(815301076,1909f56bfc062723c751e8b465ee728b)
Start importing Assets/Script/Stage/PlayerControl.cs using Guid(4ff90308d0e902c41894c6ba252d1135) Importer(815301076,1909f56bfc062723c751e8b465ee728b)  -> (artifact id: '1ab887450e62051275187df564dfd150') in 0.011731 seconds
  Import took 0.016197 seconds .

========================================================================
Received Prepare
Registering precompiled user dll's ...
Registered in 0.002671 seconds.
Begin MonoManager ReloadAssembly
Native extension for WindowsStandalone target not found
Native extension for WebGL target not found
Refreshing native plugins compatible for Editor in 0.52 ms, found 4 plugins.
Preloading 0 native plugins for Editor in 0.00 ms.
Mono: successfully reloaded assembly
- Completed reload, in  1.082 seconds
Platform modules already initialized, skipping
Refreshing native plugins compatible for Editor in 0.45 ms, found 4 plugins.
Preloading 0 native plugins for Editor in 0.00 ms.
Unloading 1952 Unused Serialized files (Serialized files now loaded: 0)
System memory in use before: 89.4 MB.
System memory in use after: 89.4 MB.

Unloading 19 unused Assets to reduce memory usage. Loaded Objects now: 2411.
Total: 4.042900 ms (FindLiveObjects: 0.233100 ms CreateObjectMapping: 0.132300 ms MarkObjects: 3.529500 ms  DeleteObjects: 0.146500 ms)

========================================================================
Received Import Request.
  Time since last request: 16.584378 seconds.
  path: Assets/Script/Stage/PlayerControl.cs
  artifactKey: Guid(4ff90308d0e902c41894c6ba252d1135) Importer(815301076,1909f56bfc062723c751e8b465ee728b)
Start importing Assets/Script/Stage/PlayerControl.cs using Guid(4ff90308d0e902c41894c6ba252d1135) Importer(815301076,1909f56bfc062723c751e8b465ee728b)  -> (artifact id: '7fc9182a56651391340e4fed1c90a982') in 0.009893 seconds
  Import took 0.014929 seconds .

========================================================================
Received Prepare
Registering precompiled user dll's ...
Registered in 0.003648 seconds.
Begin MonoManager ReloadAssembly
Native extension for WindowsStandalone target not found
Native extension for WebGL target not found
Refreshing native plugins compatible for Editor in 0.47 ms, found 4 plugins.
Preloading 0 native plugins for Editor in 0.00 ms.
Mono: successfully reloaded assembly
- Completed reload, in  1.157 seconds
Platform modules already initialized, skipping
Refreshing native plugins compatible for Editor in 0.42 ms, found 4 plugins.
Preloading 0 native plugins for Editor in 0.00 ms.
Unloading 1952 Unused Serialized files (Serialized files now loaded: 0)
System memory in use before: 89.5 MB.
System memory in use after: 89.4 MB.

Unloading 19 unused Assets to reduce memory usage. Loaded Objects now: 2415.
Total: 2.882100 ms (FindLiveObjects: 0.243500 ms CreateObjectMapping: 0.081200 ms MarkObjects: 2.366700 ms  DeleteObjects: 0.189300 ms)

========================================================================
Received Prepare
Registering precompiled user dll's ...
Registered in 0.002738 seconds.
Begin MonoManager ReloadAssembly
Native extension for WindowsStandalone target not found
Native extension for WebGL target not found
Refreshing native plugins compatible for Editor in 0.62 ms, found 4 plugins.
Preloading 0 native plugins for Editor in 0.00 ms.
Mono: successfully reloaded assembly
- Completed reload, in  1.221 seconds
Platform modules already initialized, skipping
Refreshing native plugins compatible for Editor in 0.52 ms, found 4 plugins.
Preloading 0 native plugins for Editor in 0.00 ms.
Unloading 1952 Unused Serialized files (Serialized files now loaded: 0)
System memory in use before: 89.5 MB.
System memory in use after: 89.4 MB.

Unloading 19 unused Assets to reduce memory usage. Loaded Objects now: 2419.
Total: 2.845100 ms (FindLiveObjects: 0.472700 ms CreateObjectMapping: 0.246100 ms MarkObjects: 1.940400 ms  DeleteObjects: 0.184600 ms)

========================================================================
Received Prepare
Registering precompiled user dll's ...
Registered in 0.004519 seconds.
Begin MonoManager ReloadAssembly
Native extension for WindowsStandalone target not found
Native extension for WebGL target not found
Refreshing native plugins compatible for Editor in 0.74 ms, found 4 plugins.
Preloading 0 native plugins for Editor in 0.00 ms.
Mono: successfully reloaded assembly
- Completed reload, in  1.095 seconds
Platform modules already initialized, skipping
Refreshing native plugins compatible for Editor in 0.48 ms, found 4 plugins.
Preloading 0 native plugins for Editor in 0.00 ms.
Unloading 1952 Unused Serialized files (Serialized files now loaded: 0)
System memory in use before: 89.5 MB.
System memory in use after: 89.5 MB.

Unloading 19 unused Assets to reduce memory usage. Loaded Objects now: 2423.
Total: 2.553100 ms (FindLiveObjects: 0.312600 ms CreateObjectMapping: 0.205500 ms MarkObjects: 1.871900 ms  DeleteObjects: 0.161500 ms)

========================================================================
Received Import Request.
  Time since last request: 370.176740 seconds.
  path: Assets/New Animator Controller.controller
  artifactKey: Guid(25927a83f74435f479e5609904546679) Importer(815301076,1909f56bfc062723c751e8b465ee728b)
Start importing Assets/New Animator Controller.controller using Guid(25927a83f74435f479e5609904546679) Importer(815301076,1909f56bfc062723c751e8b465ee728b)  -> (artifact id: 'e297c67c66efe3a24f8c559b31a999da') in 0.025558 seconds
  Import took 0.030582 seconds .

========================================================================
Received Import Request.
  Time since last request: 2.652047 seconds.
  path: Assets/PlayerAnimtaionController.controller
  artifactKey: Guid(0dda34a21d6c0934b86226bafa2a347e) Importer(815301076,1909f56bfc062723c751e8b465ee728b)
Start importing Assets/PlayerAnimtaionController.controller using Guid(0dda34a21d6c0934b86226bafa2a347e) Importer(815301076,1909f56bfc062723c751e8b465ee728b)  -> (artifact id: '19557f16e3628d81e961229af291429f') in 0.012426 seconds
  Import took 0.016609 seconds .

========================================================================
Received Prepare
Registering precompiled user dll's ...
Registered in 0.003702 seconds.
Begin MonoManager ReloadAssembly
Native extension for WindowsStandalone target not found
Native extension for WebGL target not found
Refreshing native plugins compatible for Editor in 0.49 ms, found 4 plugins.
Preloading 0 native plugins for Editor in 0.00 ms.
Mono: successfully reloaded assembly
- Completed reload, in  1.106 seconds
Platform modules already initialized, skipping
Refreshing native plugins compatible for Editor in 0.45 ms, found 4 plugins.
Preloading 0 native plugins for Editor in 0.00 ms.
Unloading 1952 Unused Serialized files (Serialized files now loaded: 0)
System memory in use before: 89.5 MB.
System memory in use after: 89.5 MB.

Unloading 19 unused Assets to reduce memory usage. Loaded Objects now: 2427.
Total: 4.096400 ms (FindLiveObjects: 1.069800 ms CreateObjectMapping: 0.255400 ms MarkObjects: 2.497600 ms  DeleteObjects: 0.272100 ms)

========================================================================
Received Prepare
Registering precompiled user dll's ...
Registered in 0.002506 seconds.
Begin MonoManager ReloadAssembly
Native extension for WindowsStandalone target not found
Native extension for WebGL target not found
Refreshing native plugins compatible for Editor in 0.46 ms, found 4 plugins.
Preloading 0 native plugins for Editor in 0.00 ms.
Mono: successfully reloaded assembly
- Completed reload, in  1.063 seconds
Platform modules already initialized, skipping
Refreshing native plugins compatible for Editor in 0.57 ms, found 4 plugins.
Preloading 0 native plugins for Editor in 0.00 ms.
Unloading 1952 Unused Serialized files (Serialized files now loaded: 0)
System memory in use before: 89.5 MB.
System memory in use after: 89.5 MB.

Unloading 19 unused Assets to reduce memory usage. Loaded Objects now: 2431.
Total: 2.378900 ms (FindLiveObjects: 0.331400 ms CreateObjectMapping: 0.087700 ms MarkObjects: 1.800500 ms  DeleteObjects: 0.158100 ms)

========================================================================
Received Import Request.
  Time since last request: 187.944696 seconds.
  path: Assets/Scenes/ResultScene.unity
  artifactKey: Guid(45b20a18b7da6c44ca1d36cbd7bb53aa) Importer(815301076,1909f56bfc062723c751e8b465ee728b)
Start importing Assets/Scenes/ResultScene.unity using Guid(45b20a18b7da6c44ca1d36cbd7bb53aa) Importer(815301076,1909f56bfc062723c751e8b465ee728b)  -> (artifact id: 'ad687d14cacb9e076d4f6983168e4824') in 0.017395 seconds
  Import took 0.021540 seconds .

========================================================================
Received Prepare
Registering precompiled user dll's ...
Registered in 0.002417 seconds.
Begin MonoManager ReloadAssembly
Native extension for WindowsStandalone target not found
Native extension for WebGL target not found
Refreshing native plugins compatible for Editor in 0.69 ms, found 4 plugins.
Preloading 0 native plugins for Editor in 0.00 ms.
Mono: successfully reloaded assembly
- Completed reload, in  1.039 seconds
Platform modules already initialized, skipping
Refreshing native plugins compatible for Editor in 0.43 ms, found 4 plugins.
Preloading 0 native plugins for Editor in 0.00 ms.
Unloading 1952 Unused Serialized files (Serialized files now loaded: 0)
System memory in use before: 89.5 MB.
System memory in use after: 89.5 MB.

Unloading 19 unused Assets to reduce memory usage. Loaded Objects now: 2435.
Total: 25.988300 ms (FindLiveObjects: 0.675900 ms CreateObjectMapping: 0.184500 ms MarkObjects: 24.900300 ms  DeleteObjects: 0.225000 ms)

========================================================================
Received Prepare
Refreshing native plugins compatible for Editor in 7.57 ms, found 4 plugins.
Preloading 0 native plugins for Editor in 0.00 ms.
Unloading 17 Unused Serialized files (Serialized files now loaded: 0)
System memory in use before: 51.3 MB.
System memory in use after: 51.3 MB.

Unloading 17 unused Assets to reduce memory usage. Loaded Objects now: 2435.
Total: 2.511400 ms (FindLiveObjects: 0.343700 ms CreateObjectMapping: 0.205600 ms MarkObjects: 1.801100 ms  DeleteObjects: 0.153200 ms)

========================================================================
Received Prepare
Registering precompiled user dll's ...
Registered in 0.002890 seconds.
Begin MonoManager ReloadAssembly
Native extension for WindowsStandalone target not found
Native extension for WebGL target not found
Refreshing native plugins compatible for Editor in 1.04 ms, found 4 plugins.
Preloading 0 native plugins for Editor in 0.00 ms.
Mono: successfully reloaded assembly
- Completed reload, in  1.133 seconds
Platform modules already initialized, skipping
Refreshing native plugins compatible for Editor in 0.51 ms, found 4 plugins.
Preloading 0 native plugins for Editor in 0.00 ms.
Unloading 1952 Unused Serialized files (Serialized files now loaded: 0)
System memory in use before: 89.5 MB.
System memory in use after: 89.5 MB.

Unloading 19 unused Assets to reduce memory usage. Loaded Objects now: 2439.
Total: 2.413900 ms (FindLiveObjects: 0.251300 ms CreateObjectMapping: 0.065500 ms MarkObjects: 1.917700 ms  DeleteObjects: 0.178400 ms)

========================================================================
Received Prepare
Registering precompiled user dll's ...
Registered in 0.004285 seconds.
Begin MonoManager ReloadAssembly
Native extension for WindowsStandalone target not found
Native extension for WebGL target not found
Refreshing native plugins compatible for Editor in 0.45 ms, found 4 plugins.
Preloading 0 native plugins for Editor in 0.00 ms.
Mono: successfully reloaded assembly
- Completed reload, in  0.984 seconds
Platform modules already initialized, skipping
Refreshing native plugins compatible for Editor in 0.56 ms, found 4 plugins.
Preloading 0 native plugins for Editor in 0.00 ms.
Unloading 1952 Unused Serialized files (Serialized files now loaded: 0)
System memory in use before: 89.5 MB.
System memory in use after: 89.5 MB.

Unloading 19 unused Assets to reduce memory usage. Loaded Objects now: 2443.
Total: 2.877300 ms (FindLiveObjects: 0.412200 ms CreateObjectMapping: 0.184900 ms MarkObjects: 2.116500 ms  DeleteObjects: 0.162100 ms)

AssetImportWorkerClient::OnTransportError - code=2 error=End of file
